2024-11-08 09:36,{'dh':D},{'dh_baslik':Ağaçlandırma seferberliği},{'dh_capt_on':1},{'dh_icerik':Bir milyon ağaç dikeceğxiz...},{'dh_url':},{'dh_ytar':1711058400000},{'dh_sgtar':1721505540000},{'aktif':1},{'dh':adm_inayir},{'dh_resim':../dhimg/},{'resim yukleme hatası':'REsim Yüklenemedi...'},{'tempname':}\n2025-01-19 08:59:02;Duyuru ve Haberler;Silindi;
2025-01-19 08:59:10;Duyuru ve Haberler;Silindi;
2025-01-19 08:59:16;Duyuru ve Haberler;Silindi;
2025-09-29 17:18:11;Duyuru ve Haberler;Eklendilogarr:{{'dh':K},{'dh_baslik':Test kurumsal duyuru ekleme },{'dh_capt_on':1},{'dh_icerik':Görünsün başlık.},{'dh_url':www.abc.com},{'dh_ytar':1759096800000},{'dh_sgtar':1774738740000},{'aktif':1};
2025-11-14 05:58:31;Duyuru ve Haberler;Güncellendi,{''},{'tempname':};logarr:{{'dh':H},{'dh_baslik':Vefat ve Başsağlığı-Deneme},{'dh_capt_on':1},{'dh_icerik':Değerli Aselsan Konya Ailesi,

Destek Hizmetleri ve Güvenlik Müdürlüğü’nde Güvenlik Görevlisi II (Vardiya Amiri) olarak çalışan Harun Sarıoğlu’nun kızı Aybüke Sarıoğlu 12.12.2023 tarihinde 
vefat etmiştir. Cenazesi 12.12.2023 tarihinde(bugün) Ankara’da defnedilecektir. 

Merhumeye Allah’tan rahmet, kederli ailesine ve sevenlerine sabırlar dileriz.

Kurumsal İletişim
},{'dh_url':http://sss},{'dh_ytar':1710972000000},{'dh_sgtar':1781899140000},{'aktif':0},{'dh':adm_inayir},{'dh_resim':../dhimg/};
2025-11-14 06:00:00;Duyuru ve Haberler;Güncellendi,{''},{'tempname':};logarr:{{'dh':H},{'dh_baslik':Vefat ve Başsağlığı-Deneme},{'dh_capt_on':1},{'dh_icerik':Değerli Aselsan Konya Ailesi,

Destek Hizmetleri ve Güvenlik Müdürlüğü’nde Güvenlik Görevlisi II (Vardiya Amiri) olarak çalışan Harun Sarıoğlu’nun kızı Aybüke Sarıoğlu 12.12.2023 tarihinde 
vefat etmiştir. Cenazesi 12.12.2023 tarihinde(bugün) Ankara’da defnedilecektir. 

Merhumeye Allah’tan rahmet, kederli ailesine ve sevenlerine sabırlar dileriz.

Kurumsal İletişim
},{'dh_url':http://sss},{'dh_ytar':1710968400000},{'dh_sgtar':1767293940000},{'aktif':0},{'dh':adm_inayir},{'dh_resim':../dhimg/};
2025-12-09 18:22:00;Duyuru ve Haberler;Güncellendi,{''},{'tempname':};logarr:{{'dh':H},{'dh_baslik':Vefat ve Başsağlığı-Deneme},{'dh_capt_on':1},{'dh_icerik':Değerli Aselsan Konya Ailesi,

Destek Hizmetleri ve Güvenlik Müdürlüğü’nde Güvenlik Görevlisi II (Vardiya Amiri) olarak çalışan Harun Sarıoğlu’nun kızı Aybüke Sarıoğlu 12.12.2023 tarihinde 
vefat etmiştir. Cenazesi 12.12.2023 tarihinde(bugün) Ankara’da defnedilecektir. 

Merhumeye Allah’tan rahmet, kederli ailesine ve sevenlerine sabırlar dileriz.

Kurumsal İletişim
},{'dh_url':http://sss},{'dh_ytar':1710964800000},{'dh_sgtar':1798757940000},{'aktif':0},{'dh':adm_inayir},{'dh_resim':../dhimg/};
2025-12-09 18:48:13;Duyuru ve Haberler;Güncellendi,{''},{'tempname':};logarr:{{'dh':H},{'dh_baslik':Hoş Geldin Aybüke Bebek!},{'dh_capt_on':1},{'dh_icerik':Değerli Aselsan Konya Ailesi,

Aramıza BB28 sicil numarası ile katılan en küçük ferdimizi sizlerle tanıştırmak isteriz.
Destek Hizmetleri ve Güvenlik Müdürlüğü’nde Vardiya Amiri olarak çalışan ekip arkadaşımız Harun Sarıoğlu’nun 26.10.2023 tarihinde Aybüke ismini verdikleri bir kız çocuğu dünyaya gelmiştir.
Aybüke bebeğimize hoş geldin diyoruz. Sarıoğlu ailesinin mutluluğunu paylaşıyor, kızlarına sağlıklı, mutlu ve uzun bir ömür diliyoruz.

},{'dh_url':},{'dh_ytar':1699387200000},{'dh_sgtar':1794081600000},{'aktif':1},{'dh':adm_inayir},{'dh_resim':../dhimg/};
2025-12-09 18:49:16;Duyuru ve Haberler;GüncelleneMEdi{'update error':''};logarr:{{'dh':H},{'dh_baslik':Hoş Geldin Aybüke Bebek!},{'dh_capt_on':1},{'dh_icerik':Değerli Aselsan Konya Ailesi,

Aramıza BB28 sicil numarası ile katılan en küçük ferdimizi sizlerle tanıştırmak isteriz.
Destek Hizmetleri ve Güvenlik Müdürlüğü’nde Vardiya Amiri olarak çalışan ekip arkadaşımız Harun Sarıoğlu’nun 26.10.2023 tarihinde Aybüke ismini verdikleri bir kız çocuğu dünyaya gelmiştir.
Aybüke bebeğimize hoş geldin diyoruz. Sarıoğlu ailesinin mutluluğunu paylaşıyor, kızlarına sağlıklı, mutlu ve uzun bir ömür diliyoruz.

},{'dh_url':},{'dh_ytar':1699387200000},{'dh_sgtar':1794081600000},{'aktif':1},{'dh':adm_inayir};
2026-01-11 12:36:08;Duyuru ve Haberler;Güncellendilogarr:{{'dh':H},{'dh_baslik':Wellcome Aybüke Baby!},{'dh_capt_on':1},{'dh_icerik':Dear Aselsan Konya Family,

Aramıza BB28 sicil numarası ile katılan en küçük ferdimizi sizlerle tanıştırmak isteriz.
Destek Hizmetleri ve Güvenlik Müdürlüğü’nde Vardiya Amiri olarak çalışan ekip arkadaşımız Harun Sarıoğlu’nun 26.10.2023 tarihinde Aybüke ismini verdikleri bir kız çocuğu dünyaya gelmiştir.
Aybüke bebeğimize hoş geldin diyoruz. Sarıoğlu ailesinin mutluluğunu paylaşıyor, kızlarına sağlıklı, mutlu ve uzun bir ömür diliyoruz.

},{'dh_url':},{'dh_ytar':1699376400000},{'dh_sgtar':1794070800000},{'lang':EN},{'aktif':1},{'dh':adm_inayir};
2026-01-12 11:54:50;Duyuru ve Haberler;Güncellendilogarr:{{'dh':D},{'dh_baslik':Afforestation campaign},{'dh_capt_on':1},{'dh_icerik':EN:Bir milyon ağaç dikeceğiz...},{'dh_url':},{'dh_ytar':1711047600000},{'dh_sgtar':1784566740000},{'lang':EN},{'aktif':1},{'dh':};
2026-01-12 12:08:29;Duyuru ve Haberler;Silindi;
2026-01-12 12:15:58;Duyuru ve Haberler;Güncellendilogarr:{{'dh':H},{'dh_baslik':Vefat ve Başsağlığı-Deneme},{'dh_capt_on':1},{'dh_icerik':Değerli Aselsan Konya Ailesi,

Destek Hizmetleri ve Güvenlik Müdürlüğü’nde Güvenlik Görevlisi II (Vardiya Amiri) olarak çalışan Harun Sarıoğlu’nun kızı Aybüke Sarıoğlu 12.12.2023 tarihinde 
vefat etmiştir. Cenazesi 12.12.2023 tarihinde(bugün) Ankara’da defnedilecektir. 

Merhumeye Allah’tan rahmet, kederli ailesine ve sevenlerine sabırlar dileriz.

Kurumsal İletişim
},{'dh_url':http://sss},{'dh_ytar':1710954000000},{'dh_sgtar':1798747140000},{'lang':TR},{'aktif':1},{'dh':adm_inayir},{'dh_resim':../dhimg/vefat.jpg},{'uploaded picture':../dhimg/vefat.jpg};
2026-01-12 12:17:03;Duyuru ve Haberler;Güncellendilogarr:{{'dh':H},{'dh_baslik':She passed away-Aybüke Sarıoğlu},{'dh_capt_on':1},{'dh_icerik':Değerli Aselsan Konya Ailesi,

Destek Hizmetleri ve Güvenlik Müdürlüğü’nde Güvenlik Görevlisi II (Vardiya Amiri) olarak çalışan Harun Sarıoğlu’nun kızı Aybüke Sarıoğlu 12.12.2023 tarihinde 
vefat etmiştir. Cenazesi 12.12.2023 tarihinde(bugün) Ankara’da defnedilecektir. 

Merhumeye Allah’tan rahmet, kederli ailesine ve sevenlerine sabırlar dileriz.

Kurumsal İletişim
},{'dh_url':http://sss},{'dh_ytar':1710943200000},{'dh_sgtar':1798736340000},{'lang':EN},{'aktif':1},{'dh':adm_inayir};
2026-01-12 12:17:42;Duyuru ve Haberler;Güncellendilogarr:{{'dh':H},{'dh_baslik':She passed away-Aybüke Sarıoğlu},{'dh_capt_on':1},{'dh_icerik':Değerli Aselsan Konya Ailesi,

Destek Hizmetleri ve Güvenlik Müdürlüğü’nde Güvenlik Görevlisi II (Vardiya Amiri) olarak çalışan Harun Sarıoğlu’nun kızı Aybüke Sarıoğlu 12.12.2023 tarihinde 
vefat etmiştir. Cenazesi 12.12.2023 tarihinde(bugün) Ankara’da defnedilecektir. 

Merhumeye Allah’tan rahmet, kederli ailesine ve sevenlerine sabırlar dileriz.

Kurumsal İletişim
},{'dh_url':http://sss},{'dh_ytar':1710932400000},{'dh_sgtar':1798725540000},{'lang':EN},{'aktif':1},{'dh':adm_inayir},{'dh_resim':../dhimg/vefat.jpg},{'uploaded picture':../dhimg/vefat.jpg};
