2025-10-15 20:27:01;2025-10-15 20:27:01;Fixture data:inayir,Dem001,Dell Ekran 24 inc 2405,Ekran,D2400001,25101000003,A,MAVİ,1002};FARa sno Eklendi:25101000003->D2400001;osno:D2400001 ? D2400001, ofar: ? 25101000003;
2025-10-15 20:28:04;2025-10-15 20:28:04;Fixture data:mainstock,Dem002,Dell 3660 PC 16R/256SSD,Bilgisayar,J1010104,25101000001,A,MAVİ,};FARa sno Eklendi:25101000001->J1010104;osno:J1010104 ? J1010104, ofar: ? 25101000001;
2025-10-15 20:28:15;2025-10-15 20:28:15;Fixture data:inayir,Dem004,Dell 3660 PC 16R/256SSD,Bilgisayar,J1010102,25101000001,A,,};FARa sno Eklendi:25101000001->J1010102;osno:J1010102 ? J1010102, ofar: ? 25101000001;
2025-10-15 20:56:38;2025-10-15 20:56:38;Fixt Eklendi;Fixture data:,,,,,,,,};FAR Eklendi:;Far data,,,Array;fardata:,,,Array;osno: ? , ofar: ? ;
2025-10-16 20:02:49;2025-10-16 20:02:49;Fixture data:inayir,NB-001,HP EliteBook 3600 Notebook 14E/16R/256SSD,Bilgisayar,CZ1010101,25101000004,A,MAVİ,,2025-10-16 20:02:49};FAR Eklendi:25101000004;Far data25101000004,HP EliteBook 3600 Notebook 14E/16R/256SSD,Bilgisayar,Array;fardata:25101000004,HP EliteBook 3600 Notebook 14E/16R/256SSD,Bilgisayar,Array;osno:J1010101 ? CZ1010101, ofar: ? 25101000004;{'remove error':};
2025-10-19 12:09:25;2025-10-19 12:09:25;FARa sno Eklendi:25101000001->JD1020002;osno:JD1020002 ? JD1020002, ofar:25101000001 ? 25101000001;
2025-10-19 12:13:41;2025-10-19 12:13:41;osno:JD1020002 ? JD1020002, ofar:25101000001 ? 25101000001;
2025-10-19 12:14:27;2025-10-19 12:14:27;osno:JD1020002 ? JD1020002, ofar:25101000001 ? 25101000001;
2025-10-19 12:16:11;2025-10-19 12:16:11;osno:JD1020002 ? JD1020002, ofar:25101000001 ? 25101000001;
2025-10-19 12:34:38;2025-10-19 12:34:38;osno:JD1020002 ? JD1020002, ofar:25101000001 ? 25101000001;
2025-10-19 12:39:05;2025-10-19 12:39:05;osno:JD1020002 ? JD1020002, ofar:25101000001 ? 25101000001;
2025-10-19 19:20:46;2025-10-19 19:20:46;osno:JD1020002 ? JD1020002, ofar:25101000001 ? 25101000001;
2025-10-19 20:07:41;2025-10-19 20:07:41;osno:JD1020002 ? JD1020002, ofar:25101000001 ? 25101000001;
2025-10-19 20:09:18;2025-10-19 20:09:18;osno:JD1020002 ? JD1020002, ofar:25101000001 ? 25101000001;
2025-10-19 20:11:09;2025-10-19 20:11:09;osno:JD1020002 ? JD1020002, ofar:25101000001 ? 25101000001;
2025-10-19 20:11:42;2025-10-19 20:11:42;osno:JD1020002 ? JD1020002, ofar:25101000001 ? 25101000001;
2025-10-19 20:23:22;2025-10-19 20:23:22;osno:JD1020002 ? JD1020002, ofar:25101000001 ? 25101000001;
2025-10-19 20:35:53;2025-10-19 20:35:52;osno:JD1020002 ? JD1020002, ofar:25101000001 ? 25101000001;
2025-10-19 20:39:57;2025-10-19 20:39:57;osno:JD1020002 ? JD1020002, ofar:25101000001 ? 25101000001;
2025-10-19 20:56:35;2025-10-19 20:56:35;osno:JD1020002 ? JD1020002, ofar:25101000001 ? 25101000001;
2025-10-22 15:55:20;2025-10-22 15:55:20;osno:JD1020001 ? JD1020001, ofar:25101000001 ? 25101000001;
2025-10-22 15:58:15;2025-10-22 15:58:15;osno:JD1020001 ? JD1020001, ofar:25101000001 ? 25101000001;
2025-10-22 15:58:48;2025-10-22 15:58:48;osno:JD1020001 ? JD1020001, ofar:25101000001 ? 25101000001;
2025-10-22 15:59:02;2025-10-22 15:59:02;osno:JD1020001 ? JD1020001, ofar:25101000001 ? 25101000001;
2025-10-25 19:26:00;2025-10-25 19:26:00;osno:JDZ43556601 ? JDZ43556601, ofar:25101000001 ? 25101000001;
2025-10-25 19:30:08;2025-10-25 19:30:08;osno:JDZ43556601 ? JDZ43556601, ofar:25101000001 ? 25101000001;
2025-10-25 19:30:14;2025-10-25 19:30:14;osno:JDZ43556601 ? JDZ43556601, ofar:25101000001 ? 25101000001;
2025-10-25 19:31:39;2025-10-25 19:31:39;osno:JDZ43556601 ? JDZ43556601, ofar:25101000001 ? 25101000001;
2025-10-25 19:34:39;2025-10-25 19:34:39;osno:JDZ43556601 ? JDZ43556601, ofar:25101000001 ? 25101000001;
2025-10-25 19:35:33;2025-10-25 19:35:33;osno:JDZ43556601 ? JDZ43556601, ofar:25101000001 ? 25101000001;
2025-10-25 19:36:58;2025-10-25 19:36:58;osno:JDZ43556601 ? JDZ43556601, ofar:25101000001 ? 25101000001;
2025-10-25 19:38:09;2025-10-25 19:38:09;osno:JDZ43556601 ? JDZ43556601, ofar:25101000001 ? 25101000001;
2025-10-25 19:38:56;2025-10-25 19:38:56;osno:JDZ43556601 ? JDZ43556601, ofar:25101000001 ? 25101000001;
2025-10-25 19:40:55;2025-10-25 19:40:55;osno:JDZ43556601 ? JDZ43556601, ofar:25101000001 ? 25101000001;
2025-10-25 19:42:05;2025-10-25 19:42:05;osno:JDZ43556601 ? JDZ43556601, ofar:25101000001 ? 25101000001;
2025-11-07 19:47:20;2025-11-07 19:47:20;place changed;14201->14200;osno:JDZ43556601 ? JDZ43556601, ofar:25101000001 ? 25101000001;
2025-11-09 10:24:55;2025-11-09 10:24:55;Fixt Eklendi;osno: ? JD1020011, ofar:25101000001 ? 25101000001;
2025-11-09 19:29:25;2025-11-09 19:29:24;Fixt Eklendi;osno: ? JDZ43556612, ofar:25101000001 ? 25101000001;
2025-11-14 14:45:35;2025-11-14 14:45:35;Fixt Eklendi;
2025-11-15 07:02:41;2025-11-15 07:02:41;Fixt Eklendi;
2025-11-15 07:07:34;2025-11-15 07:07:34;Fixt Eklendi;
2025-11-15 07:09:17;2025-11-15 07:09:17;Fixt Eklendi;
2025-11-15 07:09:44;2025-11-15 07:09:44;Fixt Eklendi;
2025-11-15 07:12:40;2025-11-15 07:12:40;Fixt Eklendi;
2025-11-15 07:14:21;2025-11-15 07:14:21;Fixt Eklendi;
2025-11-15 07:22:28;2025-11-15 07:22:28;Fixt Eklendi;
2025-11-15 07:31:51;2025-11-15 07:31:51;Fixt Eklendi;
2025-11-15 09:14:58;2025-11-15 09:14:58;
2025-11-15 09:32:12;2025-11-15 09:32:12;
2025-11-15 09:34:23;2025-11-15 09:34:23;
2025-11-18 08:52:02;2025-11-18 08:52:02;Fixt Eklendi;osno: ? JDZ43556111, ofar:25101000001 ? 25101000001;
2025-11-18 18:24:05;2025-11-18 18:24:05;osno:JDZ43556601 ? JDZ43556601, ofar:25101000001 ? 25101000001;
