2024-12-27 09:22:18;managedby::-;
managedby:
managedby:
managedby:
managedby::-;
managedby:
managedby:
managedby:
managedby:
managedby:
managedby:
managedby:
managedby:
managedby:
managedby::-;
managedby::-;
managedby:
managedby:
managedby:
managedby:
managedby:
managedby:
managedby:
managedby:
managedby:
managedby::-;
managedby:
managedby:
managedby:
managedby::-;
managedby:
managedby:
managedby:
managedby:
managedby::-;
managedby::-;
managedby::-;
managedby::-;
managedby:
managedby:
managedby:
managedby:
42 Kayıt Güncellendi, 0 Kayıt Eklendi.

2024-12-27 09:22:51;managedby::-;{'update error':''}
managedby:
managedby:
managedby:
managedby::-;
managedby:
managedby:
managedby:
managedby:
managedby:
managedby:
managedby:
managedby:
managedby:
managedby::-;
managedby::-;
managedby:
managedby:
managedby:
managedby:
managedby:
managedby:
managedby:
managedby:
managedby:
managedby::-;
managedby:
managedby:
managedby:
managedby::-;
managedby:
managedby:
managedby:
managedby:
managedby::-;
managedby::-;
managedby::-;
managedby::-;
managedby:
managedby:
managedby:
managedby:
41 Kayıt Güncellendi, 0 Kayıt Eklendi.

2024-12-27 09:24:06;managedby::-;{'update error':''}
managedby:{'update error':''}
managedby:{'update error':''}
managedby:{'update error':''}
managedby::-;{'update error':''}
managedby:{'update error':''}
managedby:{'update error':''}
managedby:{'update error':''}
managedby:{'update error':''}
managedby:{'update error':''}
managedby:{'update error':''}
managedby:{'update error':''}
managedby:{'update error':''}
managedby:{'update error':''}
managedby::-;{'update error':''}
managedby::-;{'update error':''}
managedby:{'update error':''}
managedby:{'update error':''}
managedby:{'update error':''}
managedby:{'update error':''}
managedby:{'update error':''}
managedby:{'update error':''}
managedby:{'update error':''}
managedby:{'update error':''}
managedby:{'update error':''}
managedby::-;{'update error':''}
managedby:{'update error':''}
managedby:{'update error':''}
managedby:{'update error':''}
managedby::-;{'update error':''}
managedby:{'update error':''}
managedby:{'update error':''}
managedby:{'update error':''}
managedby:{'update error':''}
managedby::-;{'update error':''}
managedby::-;{'update error':''}
managedby::-;{'update error':''}
managedby::-;{'update error':''}
managedby:{'update error':''}
managedby:{'update error':''}
managedby:{'update error':''}
managedby:{'update error':''}
0 Kayıt Güncellendi, 0 Kayıt Eklendi.

2025-01-29 06:13:09;managedby:
managedby:
managedby:
managedby:
managedby::-;
managedby:
managedby:
managedby:
managedby:
managedby:
managedby:
managedby:
managedby:
managedby:
managedby::-;
managedby:
managedby:
managedby:
managedby:
managedby:
managedby:
managedby:
managedby:
managedby:
managedby:
managedby::-;
managedby:
managedby:
managedby:
managedby::-;
managedby::-;
managedby:
managedby:
managedby:
managedby::-;
managedby::-;
managedby::-;
managedby::-;
managedby::-;
managedby::-;
managedby:
managedby:
managedby:
managedby:
managedby::-;
42 Kayıt Güncellendi, 3 Kayıt Eklendi.

2025-02-05 08:04:50;managedby:
managedby:{'update error':''}
managedby:
managedby:
managedby::-;
managedby:{'update error':''}
managedby:{'update error':''}
managedby:{'update error':''}
managedby:{'update error':''}
managedby:{'update error':''}
managedby:{'update error':''}
managedby:{'update error':''}
managedby:{'update error':''}
managedby:{'update error':''}
managedby::-;{'update error':''}
managedby:
managedby:
managedby:{'update error':''}
managedby:{'update error':''}
managedby:{'update error':''}
managedby:{'update error':''}
managedby:{'update error':''}
managedby:{'update error':''}
managedby:
managedby:
managedby::-;{'update error':''}
managedby:
managedby:{'update error':''}
managedby:{'update error':''}
managedby::-;{'update error':''}
managedby:
managedby:{'update error':''}
managedby:{'update error':''}
managedby:
managedby::-;{'update error':''}
managedby::-;{'update error':''}
managedby::-;{'update error':''}
managedby::-;{'update error':''}
managedby::-;{'update error':''}
managedby::-;{'update error':''}
managedby:{'update error':''}
managedby:{'update error':''}
managedby:
managedby:
managedby:
14 Kayıt Güncellendi, 0 Kayıt Eklendi.

2025-02-05 08:06:23;managedby:
managedby:{'update error':''}
managedby:{'update error':''}
managedby:{'update error':''}
managedby::-;{'update error':''}
managedby:{'update error':''}
managedby:{'update error':''}
managedby:{'update error':''}
managedby:{'update error':''}
managedby:{'update error':''}
managedby:{'update error':''}
managedby:{'update error':''}
managedby:{'update error':''}
managedby:{'update error':''}
managedby::-;{'update error':''}
managedby:
managedby:{'update error':''}
managedby:{'update error':''}
managedby:{'update error':''}
managedby:{'update error':''}
managedby:{'update error':''}
managedby:{'update error':''}
managedby:{'update error':''}
managedby:{'update error':''}
managedby:
managedby::-;
managedby:{'update error':''}
managedby:{'update error':''}
managedby:{'update error':''}
managedby::-;{'update error':''}
managedby:
managedby:{'update error':''}
managedby:{'update error':''}
managedby:
managedby::-;
managedby::-;
managedby::-;
managedby::-;
managedby::-;
managedby::-;
managedby:{'update error':''}
managedby:{'update error':''}
managedby:{'update error':''}
managedby:{'update error':''}
managedby:{'update error':''}
12 Kayıt Güncellendi, 0 Kayıt Eklendi.

2025-03-04 12:40:12;managedby:
managedby:
managedby:
managedby:
managedby::-;
managedby:
managedby:
managedby:
managedby:
managedby:
managedby:
managedby:
managedby:
managedby:
managedby::-;
managedby:
managedby:
managedby:
managedby:
managedby:
managedby:
managedby:
managedby:
managedby:
managedby:
managedby::-;
managedby:
managedby:
managedby:
managedby::-;
managedby:
managedby:
managedby:
managedby:
managedby::-;
managedby::-;
managedby::-;
managedby::-;
managedby::-;
managedby::-;
managedby:
managedby:
managedby:
managedby:
44 Kayıt Güncellendi, 0 Kayıt Eklendi.

2025-10-07 15:47:07;managedby:
managedby:{'update error':''}
managedby:{'update error':''}
managedby:{'update error':''}
managedby::-;{'update error':''}
managedby:{'update error':''}
managedby:{'update error':''}
managedby:{'update error':''}
managedby:{'update error':''}
managedby:{'update error':''}
managedby:{'update error':''}
managedby:{'update error':''}
managedby:{'update error':''}
managedby:{'update error':''}
managedby::-;{'update error':''}
managedby:{'update error':''}
managedby:{'update error':''}
managedby:{'update error':''}
managedby:{'update error':''}
managedby:{'update error':''}
managedby:{'update error':''}
managedby:{'update error':''}
managedby:
managedby:
managedby:{'update error':''}
managedby::-;{'update error':''}
managedby:
managedby:{'update error':''}
managedby::-;
managedby:{'update error':''}
managedby:
managedby:{'update error':''}
managedby:{'update error':''}
managedby::-;{'update error':''}
managedby::-;{'update error':''}
managedby::-;{'update error':''}
managedby::-;{'update error':''}
managedby::-;{'update error':''}
managedby::-;
managedby:{'update error':''}
managedby:
managedby:{'update error':''}
managedby:{'update error':''}
managedby:
8 Kayıt Güncellendi, 1 Kayıt Eklendi.

2025-10-07 15:47:45;managedby:{'update error':''}
managedby:{'update error':''}
managedby:{'update error':''}
managedby:{'update error':''}
managedby::-;{'update error':''}
managedby:{'update error':''}
managedby:{'update error':''}
managedby:{'update error':''}
managedby:{'update error':''}
managedby:{'update error':''}
managedby:{'update error':''}
managedby:{'update error':''}
managedby:{'update error':''}
managedby:{'update error':''}
managedby::-;{'update error':''}
managedby:{'update error':''}
managedby:{'update error':''}
managedby:{'update error':''}
managedby:{'update error':''}
managedby:{'update error':''}
managedby:{'update error':''}
managedby:{'update error':''}
managedby:{'update error':''}
managedby:{'update error':''}
managedby:{'update error':''}
managedby::-;{'update error':''}
managedby:{'update error':''}
managedby:{'update error':''}
managedby::-;{'update error':''}
managedby:{'update error':''}
managedby:{'update error':''}
managedby:{'update error':''}
managedby:{'update error':''}
managedby::-;{'update error':''}
managedby::-;{'update error':''}
managedby::-;{'update error':''}
managedby::-;{'update error':''}
managedby::-;{'update error':''}
managedby::-;{'update error':''}
managedby:{'update error':''}
managedby:{'update error':''}
managedby:{'update error':''}
managedby:{'update error':''}
managedby:{'update error':''}
0 Kayıt Güncellendi, 0 Kayıt Eklendi.

2025-10-07 15:48:30;managedby:{'update error':''}
managedby:{'update error':''}
managedby:{'update error':''}
managedby:{'update error':''}
managedby::-;{'update error':''}
managedby:{'update error':''}
managedby:{'update error':''}
managedby:{'update error':''}
managedby:{'update error':''}
managedby:{'update error':''}
managedby:{'update error':''}
managedby:{'update error':''}
managedby:{'update error':''}
managedby:{'update error':''}
managedby::-;{'update error':''}
managedby:{'update error':''}
managedby:{'update error':''}
managedby:{'update error':''}
managedby:{'update error':''}
managedby:{'update error':''}
managedby:{'update error':''}
managedby:{'update error':''}
managedby:{'update error':''}
managedby:{'update error':''}
managedby:{'update error':''}
managedby::-;{'update error':''}
managedby:{'update error':''}
managedby:{'update error':''}
managedby::-;{'update error':''}
managedby:{'update error':''}
managedby:{'update error':''}
managedby:{'update error':''}
managedby:{'update error':''}
managedby::-;{'update error':''}
managedby::-;{'update error':''}
managedby::-;{'update error':''}
managedby::-;{'update error':''}
managedby::-;{'update error':''}
managedby::-;{'update error':''}
managedby:{'update error':''}
managedby:{'update error':''}
managedby:{'update error':''}
managedby:{'update error':''}
managedby:{'update error':''}
0 Kayıt Güncellendi, 0 Kayıt Eklendi.

2025-10-07 15:50:39;managedby:{'update error':''}
managedby:{'update error':''}
managedby:{'update error':''}
managedby:{'update error':''}
managedby::-;{'update error':''}
managedby:{'update error':''}
managedby:{'update error':''}
managedby:{'update error':''}
managedby:{'update error':''}
managedby:{'update error':''}
managedby:{'update error':''}
managedby:{'update error':''}
managedby:{'update error':''}
managedby:{'update error':''}
managedby::-;{'update error':''}
managedby:{'update error':''}
managedby:{'update error':''}
managedby:{'update error':''}
managedby:{'update error':''}
managedby:{'update error':''}
managedby:{'update error':''}
managedby:{'update error':''}
managedby:{'update error':''}
managedby:{'update error':''}
managedby:{'update error':''}
managedby::-;{'update error':''}
managedby:{'update error':''}
managedby:{'update error':''}
managedby::-;{'update error':''}
managedby:{'update error':''}
managedby:{'update error':''}
managedby:{'update error':''}
managedby:{'update error':''}
managedby::-;{'update error':''}
managedby::-;{'update error':''}
managedby::-;{'update error':''}
managedby::-;{'update error':''}
managedby::-;{'update error':''}
managedby::-;{'update error':''}
managedby:{'update error':''}
managedby:{'update error':''}
managedby:{'update error':''}
managedby:{'update error':''}
managedby:{'update error':''}
0 Kayıt Güncellendi, 0 Kayıt Eklendi.

2025-10-07 15:52:47;managedby:{'update error':''}
managedby:{'update error':''}
managedby:{'update error':''}
managedby:{'update error':''}
managedby::-;{'update error':''}
managedby:{'update error':''}
managedby:{'update error':''}
managedby:{'update error':''}
managedby:{'update error':''}
managedby:{'update error':''}
managedby:{'update error':''}
managedby:{'update error':''}
managedby:{'update error':''}
managedby:{'update error':''}
managedby::-;{'update error':''}
managedby:{'update error':''}
managedby:{'update error':''}
managedby:{'update error':''}
managedby:{'update error':''}
managedby:{'update error':''}
managedby:{'update error':''}
managedby:{'update error':''}
managedby:{'update error':''}
managedby:{'update error':''}
managedby:{'update error':''}
managedby::-;{'update error':''}
managedby:{'update error':''}
managedby:{'update error':''}
managedby::-;{'update error':''}
managedby:{'update error':''}
managedby:{'update error':''}
managedby:{'update error':''}
managedby:{'update error':''}
managedby::-;{'update error':''}
managedby::-;{'update error':''}
managedby::-;{'update error':''}
managedby::-;{'update error':''}
managedby::-;{'update error':''}
managedby::-;{'update error':''}
managedby:{'update error':''}
managedby:{'update error':''}
managedby:{'update error':''}
managedby:{'update error':''}
managedby:{'update error':''}
0 Kayıt Güncellendi, 0 Kayıt Eklendi.

2025-10-07 15:54:58;managedby:{'update error':''}
managedby:{'update error':''}
managedby:{'update error':''}
managedby:{'update error':''}
managedby::-;{'update error':''}
managedby:{'update error':''}
managedby:{'update error':''}
managedby:{'update error':''}
managedby:{'update error':''}
managedby:{'update error':''}
managedby:{'update error':''}
managedby:{'update error':''}
managedby:{'update error':''}
managedby:{'update error':''}
managedby::-;{'update error':''}
managedby:{'update error':''}
managedby:{'update error':''}
managedby:{'update error':''}
managedby:{'update error':''}
managedby:{'update error':''}
managedby:{'update error':''}
managedby:{'update error':''}
managedby:{'update error':''}
managedby:{'update error':''}
managedby:{'update error':''}
managedby::-;{'update error':''}
managedby:{'update error':''}
managedby:{'update error':''}
managedby::-;{'update error':''}
managedby:{'update error':''}
managedby:{'update error':''}
managedby:{'update error':''}
managedby:{'update error':''}
managedby::-;{'update error':''}
managedby::-;{'update error':''}
managedby::-;{'update error':''}
managedby::-;{'update error':''}
managedby::-;{'update error':''}
managedby::-;{'update error':''}
managedby:{'update error':''}
managedby:{'update error':''}
managedby:{'update error':''}
managedby:{'update error':''}
managedby:{'update error':''}
0 Kayıt Güncellendi, 0 Kayıt Eklendi.

2025-10-07 15:56:00;managedby:{'update error':''}
managedby:{'update error':''}
managedby:{'update error':''}
managedby:{'update error':''}
managedby::-;{'update error':''}
managedby:{'update error':''}
managedby:{'update error':''}
managedby:{'update error':''}
managedby:{'update error':''}
managedby:{'update error':''}
managedby:{'update error':''}
managedby:{'update error':''}
managedby:{'update error':''}
managedby:{'update error':''}
managedby::-;{'update error':''}
managedby:{'update error':''}
managedby:{'update error':''}
managedby:{'update error':''}
managedby:{'update error':''}
managedby:{'update error':''}
managedby:{'update error':''}
managedby:{'update error':''}
managedby:{'update error':''}
managedby:{'update error':''}
managedby:{'update error':''}
managedby::-;{'update error':''}
managedby:{'update error':''}
managedby:{'update error':''}
managedby::-;{'update error':''}
managedby:{'update error':''}
managedby:{'update error':''}
managedby:{'update error':''}
managedby:{'update error':''}
managedby::-;{'update error':''}
managedby::-;{'update error':''}
managedby::-;{'update error':''}
managedby::-;{'update error':''}
managedby::-;{'update error':''}
managedby::-;{'update error':''}
managedby:{'update error':''}
managedby:{'update error':''}
managedby:{'update error':''}
managedby:{'update error':''}
managedby:{'update error':''}
0 Kayıt Güncellendi, 0 Kayıt Eklendi.

2025-11-07 13:04:44;managedby:{'update error':''}
managedby:{'update error':''}
managedby:{'update error':''}
managedby:{'update error':''}
managedby::-;{'update error':''}
managedby:{'update error':''}
managedby:{'update error':''}
managedby:{'update error':''}
managedby:{'update error':''}
managedby:{'update error':''}
managedby:{'update error':''}
managedby:{'update error':''}
managedby:{'update error':''}
managedby:{'update error':''}
managedby::-;{'update error':''}
managedby:{'update error':''}
managedby:{'update error':''}
managedby:{'update error':''}
managedby:{'update error':''}
managedby:{'update error':''}
managedby:{'update error':''}
managedby:{'update error':''}
managedby:{'update error':''}
managedby:{'update error':''}
managedby:{'update error':''}
managedby::-;{'update error':''}
managedby:{'update error':''}
managedby:{'update error':''}
managedby::-;{'update error':''}
managedby:{'update error':''}
managedby:{'update error':''}
managedby:{'update error':''}
managedby:{'update error':''}
managedby::-;{'update error':''}
managedby::-;{'update error':''}
managedby::-;{'update error':''}
managedby::-;{'update error':''}
managedby::-;{'update error':''}
managedby::-;{'update error':''}
managedby:{'update error':''}
managedby:{'update error':''}
managedby:{'update error':''}
managedby:{'update error':''}
managedby:{'update error':''}
0 Kayıt Güncellendi, 0 Kayıt Eklendi.

2025-11-24 07:57:28;managedby:{'update error':''}
managedby:{'update error':''}
managedby:{'update error':''}
managedby:{'update error':''}
managedby:
managedby:{'update error':''}
managedby:{'update error':''}
managedby:{'update error':''}
managedby:{'update error':''}
managedby:{'update error':''}
managedby:{'update error':''}
managedby:{'update error':''}
managedby:{'update error':''}
managedby:{'update error':''}
managedby::-;{'update error':''}
managedby:{'update error':''}
managedby:{'update error':''}
managedby:{'update error':''}
managedby:{'update error':''}
managedby:{'update error':''}
managedby:{'update error':''}
managedby:{'update error':''}
managedby:{'update error':''}
managedby:{'update error':''}
managedby:{'update error':''}
managedby::-;{'update error':''}
managedby:{'update error':''}
managedby:{'update error':''}
managedby::-;{'update error':''}
managedby:{'update error':''}
managedby:{'update error':''}
managedby:{'update error':''}
managedby:{'update error':''}
managedby::-;{'update error':''}
managedby::-;{'update error':''}
managedby::-;{'update error':''}
managedby::-;{'update error':''}
managedby::-;{'update error':''}
managedby::-;
managedby:{'update error':''}
managedby:{'update error':''}
managedby:{'update error':''}
managedby:{'update error':''}
managedby:{'update error':''}
2 Kayıt Güncellendi, 0 Kayıt Eklendi.

